<?xml version="1.0" encoding="UTF-8"?>
<!-- Generated by org.testng.reporters.JUnitXMLReporter -->
<testsuite ignored="0" hostname="HYDPCM339480L" failures="0" tests="5" name="DataDriven" time="92.721" errors="0" timestamp="16 Aug 2022 12:13:53 GMT">
  <testcase classname="solution.QuestionTwoDataDriven" name="f" time="14.139"/>
  <testcase classname="solution.QuestionTwoDataDriven" name="f" time="9.17"/>
  <testcase classname="solution.QuestionTwoDataDriven" name="f" time="19.862"/>
  <testcase classname="solution.QuestionTwoDataDriven" name="f" time="22.061"/>
  <testcase classname="solution.QuestionTwoDataDriven" name="f" time="24.567"/>
</testsuite> <!-- DataDriven -->
