<?xml version="1.0" encoding="UTF-8"?>
<testng-results ignored="0" total="1" passed="1" failed="0" skipped="0">
  <reporter-output>
  </reporter-output>
  <suite started-at="2022-09-20T14:27:49Z" name="Default suite" finished-at="2022-09-20T14:28:06Z" duration-ms="17274">
    <groups>
    </groups>
    <test started-at="2022-09-20T14:27:49Z" name="Default test" finished-at="2022-09-20T14:28:06Z" duration-ms="17274">
      <class name="mottmacAssesment.CheckAllLinks">
        <test-method is-config="true" signature="beforeTest(java.lang.String)[pri:0, instance:mottmacAssesment.CheckAllLinks@338fc1d8]" started-at="2022-09-20T14:27:49Z" name="beforeTest" finished-at="2022-09-20T14:27:51Z" duration-ms="1543" status="PASS">
          <params>
            <param index="0">
              <value>
                <![CDATA[chrome]]>
              </value>
            </param>
          </params>
          <reporter-output>
          </reporter-output>
        </test-method> <!-- beforeTest -->
        <test-method signature="f(java.lang.Integer, java.lang.String)[pri:0, instance:mottmacAssesment.CheckAllLinks@338fc1d8]" started-at="2022-09-20T14:27:51Z" name="f" data-provider="dp" finished-at="2022-09-20T14:28:06Z" duration-ms="15620" status="PASS">
          <params>
            <param index="0">
              <value>
                <![CDATA[1]]>
              </value>
            </param>
            <param index="1">
              <value>
                <![CDATA[a]]>
              </value>
            </param>
          </params>
          <reporter-output>
          </reporter-output>
        </test-method> <!-- f -->
        <test-method is-config="true" signature="afterTest()[pri:0, instance:mottmacAssesment.CheckAllLinks@338fc1d8]" started-at="2022-09-20T14:28:06Z" name="afterTest" finished-at="2022-09-20T14:28:06Z" duration-ms="90" status="PASS">
          <reporter-output>
          </reporter-output>
        </test-method> <!-- afterTest -->
      </class> <!-- mottmacAssesment.CheckAllLinks -->
    </test> <!-- Default test -->
  </suite> <!-- Default suite -->
</testng-results>
